<?xml version="1.0" encoding="UTF-8"?>
<!-- Generated by org.testng.reporters.JUnitReportReporter -->
<testsuite skipped="0" hostname="DESKTOP-BN4HTUB" name="restassured.restassured.Library" tests="2" failures="0" timestamp="2023-01-04T20:38:32 IST" time="2.849" errors="0">
  <testcase name="addBook" time="2.725" classname="restassured.restassured.Library"/>
  <system-out/>
  <testcase name="deleteBook" time="0.124" classname="restassured.restassured.Library"/>
  <system-out/>
</testsuite> <!-- restassured.restassured.Library -->
