<?xml version="1.0" encoding="UTF-8"?>
<!-- Generated by org.testng.reporters.JUnitReportReporter -->
<testsuite skipped="0" hostname="DESKTOP-BN4HTUB" name="restassured.restassured.TestNgImp" tests="4" failures="0" timestamp="2023-01-04T17:20:20 IST" time="1.731" errors="0">
  <testcase name="courseprice" time="1.579" classname="restassured.restassured.TestNgImp"/>
  <system-out/>
  <testcase name="purchaseamount" time="0.021" classname="restassured.restassured.TestNgImp"/>
  <system-out/>
  <testcase name="CountCopies" time="0.053" classname="restassured.restassured.TestNgImp"/>
  <system-out/>
  <testcase name="SumOfAllCoursePrice" time="0.078" classname="restassured.restassured.TestNgImp"/>
  <system-out/>
</testsuite> <!-- restassured.restassured.TestNgImp -->
