<?xml version="1.0" encoding="UTF-8"?>
<!-- Generated by org.testng.reporters.JUnitReportReporter -->
<testsuite skipped="2" hostname="DESKTOP-BN4HTUB" name="restassured.restassured.JiraTest" tests="5" failures="0" timestamp="2023-01-06T15:36:53 IST" time="3.528" errors="0">
  <testcase name="addLogin" time="3.150" classname="restassured.restassured.JiraTest"/>
  <system-out/>
  <testcase name="addComments" time="0.178" classname="restassured.restassured.JiraTest"/>
  <system-out/>
  <testcase name="getIssues" time="0.200" classname="restassured.restassured.JiraTest"/>
  <system-out/>
  <testcase name="addAttachments" classname="restassured.restassured.JiraTest">
    <skipped/>
  </testcase> <!-- addAttachments -->
  <system-out/>
  <testcase name="addIssue" classname="restassured.restassured.JiraTest">
    <skipped/>
  </testcase> <!-- addIssue -->
  <system-out/>
</testsuite> <!-- restassured.restassured.JiraTest -->
